2026-04-01 00:18:05 [MessageBroker-5] INFO  o.s.w.s.c.WebSocketMessageBrokerStats - WebSocketSession[0 current WS(0)-HttpStream(0)-HttpPoll(0), 0 total, 0 closed abnormally (0 connect failure, 0 send limit, 0 transport error)], stompSubProtocol[processed CONNECT(0)-CONNECTED(0)-DISCONNECT(0)], stompBrokerRelay[null], inboundChannel[unknown], outboundChannel[unknown], sockJsScheduler[pool size = 9, active threads = 1, queued tasks = 0, completed tasks = 8]
2026-04-01 00:48:05 [MessageBroker-5] INFO  o.s.w.s.c.WebSocketMessageBrokerStats - WebSocketSession[0 current WS(0)-HttpStream(0)-HttpPoll(0), 0 total, 0 closed abnormally (0 connect failure, 0 send limit, 0 transport error)], stompSubProtocol[processed CONNECT(0)-CONNECTED(0)-DISCONNECT(0)], stompBrokerRelay[null], inboundChannel[unknown], outboundChannel[unknown], sockJsScheduler[pool size = 10, active threads = 1, queued tasks = 0, completed tasks = 9]
2026-04-01 00:52:35 [SpringApplicationShutdownHook] INFO  o.s.m.s.b.SimpleBrokerMessageHandler - Stopping...
2026-04-01 00:52:35 [SpringApplicationShutdownHook] INFO  o.s.m.s.b.SimpleBrokerMessageHandler - BrokerAvailabilityEvent[available=false, SimpleBrokerMessageHandler [org.springframework.messaging.simp.broker.DefaultSubscriptionRegistry@10a1d7fe]]
2026-04-01 00:52:35 [SpringApplicationShutdownHook] INFO  o.s.m.s.b.SimpleBrokerMessageHandler - Stopped.
2026-04-01 00:52:35 [SpringApplicationShutdownHook] INFO  o.s.i.endpoint.EventDrivenConsumer - Removing {logging-channel-adapter:_org.springframework.integration.errorLogger} as a subscriber to the 'errorChannel' channel
2026-04-01 00:52:35 [SpringApplicationShutdownHook] INFO  o.s.i.c.PublishSubscribeChannel - Channel 'cinema-seat-management.errorChannel' has 0 subscriber(s).
2026-04-01 00:52:35 [SpringApplicationShutdownHook] INFO  o.s.i.endpoint.EventDrivenConsumer - stopped bean '_org.springframework.integration.errorLogger'
2026-04-01 00:52:35 [SpringApplicationShutdownHook] INFO  o.s.i.endpoint.EventDrivenConsumer - Removing {service-activator:mqttSubscriber.handleMessage.serviceActivator} as a subscriber to the 'mqttInputChannel' channel
2026-04-01 00:52:35 [SpringApplicationShutdownHook] INFO  o.s.i.channel.DirectChannel - Channel 'cinema-seat-management.mqttInputChannel' has 0 subscriber(s).
2026-04-01 00:52:35 [SpringApplicationShutdownHook] INFO  o.s.i.endpoint.EventDrivenConsumer - stopped bean 'mqttSubscriber.handleMessage.serviceActivator'
2026-04-01 00:52:35 [SpringApplicationShutdownHook] INFO  o.s.o.j.LocalContainerEntityManagerFactoryBean - Closing JPA EntityManagerFactory for persistence unit 'default'
2026-04-01 00:52:35 [SpringApplicationShutdownHook] INFO  com.zaxxer.hikari.HikariDataSource - CinemaHikariPool - Shutdown initiated...
2026-04-01 00:52:35 [SpringApplicationShutdownHook] INFO  com.zaxxer.hikari.HikariDataSource - CinemaHikariPool - Shutdown completed.
2026-04-01 12:36:19 [restartedMain] INFO  c.c.s.SeatmanagementApplication - Starting SeatmanagementApplication using Java 21.0.8 with PID 40504 (D:\github\cinema-management-system\movie-ticket-booking-system\backend\seatmanagement\target\classes started by USER in D:\github\cinema-management-system\movie-ticket-booking-system\backend\seatmanagement)
2026-04-01 12:36:19 [restartedMain] DEBUG c.c.s.SeatmanagementApplication - Running with Spring Boot v3.3.5, Spring v6.1.14
2026-04-01 12:36:19 [restartedMain] INFO  c.c.s.SeatmanagementApplication - The following 1 profile is active: "dev"
2026-04-01 12:36:19 [restartedMain] INFO  o.s.b.d.e.DevToolsPropertyDefaultsPostProcessor - Devtools property defaults active! Set 'spring.devtools.add-properties' to 'false' to disable
2026-04-01 12:36:19 [restartedMain] INFO  o.s.b.d.e.DevToolsPropertyDefaultsPostProcessor - For additional web related logging consider setting the 'logging.level.web' property to 'DEBUG'
2026-04-01 12:36:21 [restartedMain] INFO  o.s.d.r.c.RepositoryConfigurationDelegate - Bootstrapping Spring Data JPA repositories in DEFAULT mode.
2026-04-01 12:36:21 [restartedMain] INFO  o.s.d.r.c.RepositoryConfigurationDelegate - Finished Spring Data repository scanning in 214 ms. Found 15 JPA repository interfaces.
2026-04-01 12:36:21 [restartedMain] INFO  o.s.i.c.DefaultConfiguringBeanFactoryPostProcessor - No bean named 'errorChannel' has been explicitly defined. Therefore, a default PublishSubscribeChannel will be created.
2026-04-01 12:36:22 [restartedMain] INFO  o.s.i.c.DefaultConfiguringBeanFactoryPostProcessor - No bean named 'integrationHeaderChannelRegistry' has been explicitly defined. Therefore, a default DefaultHeaderChannelRegistry will be created.
2026-04-01 12:36:23 [restartedMain] INFO  o.s.b.w.e.tomcat.TomcatWebServer - Tomcat initialized with port 8080 (http)
2026-04-01 12:36:23 [restartedMain] INFO  o.a.catalina.core.StandardService - Starting service [Tomcat]
2026-04-01 12:36:23 [restartedMain] INFO  o.a.catalina.core.StandardEngine - Starting Servlet engine: [Apache Tomcat/10.1.31]
2026-04-01 12:36:23 [restartedMain] INFO  o.a.c.c.C.[Tomcat].[localhost].[/] - Initializing Spring embedded WebApplicationContext
2026-04-01 12:36:23 [restartedMain] INFO  o.s.b.w.s.c.ServletWebServerApplicationContext - Root WebApplicationContext: initialization completed in 4292 ms
2026-04-01 12:36:24 [restartedMain] INFO  com.zaxxer.hikari.HikariDataSource - CinemaHikariPool - Starting...
2026-04-01 12:36:24 [restartedMain] INFO  com.zaxxer.hikari.pool.HikariPool - CinemaHikariPool - Added connection org.postgresql.jdbc.PgConnection@3dda49c4
2026-04-01 12:36:24 [restartedMain] INFO  com.zaxxer.hikari.HikariDataSource - CinemaHikariPool - Start completed.
2026-04-01 12:36:24 [restartedMain] INFO  org.flywaydb.core.FlywayExecutor - Database: jdbc:postgresql://localhost:5432/cinema_db (PostgreSQL 18.1)
2026-04-01 12:36:24 [restartedMain] WARN  o.f.c.i.database.base.Database - Flyway upgrade recommended: PostgreSQL 18.1 is newer than this version of Flyway and support has not been tested. The latest supported version of PostgreSQL is 16.
2026-04-01 12:36:24 [restartedMain] INFO  o.f.core.internal.command.DbValidate - Successfully validated 3 migrations (execution time 00:00.103s)
2026-04-01 12:36:24 [restartedMain] INFO  o.f.core.internal.command.DbMigrate - Current version of schema "public": 3
2026-04-01 12:36:24 [restartedMain] INFO  o.f.core.internal.command.DbMigrate - Schema "public" is up to date. No migration necessary.
2026-04-01 12:36:24 [restartedMain] INFO  o.h.jpa.internal.util.LogHelper - HHH000204: Processing PersistenceUnitInfo [name: default]
2026-04-01 12:36:24 [restartedMain] INFO  org.hibernate.Version - HHH000412: Hibernate ORM core version 6.5.3.Final
2026-04-01 12:36:24 [restartedMain] INFO  o.h.c.i.RegionFactoryInitiator - HHH000026: Second-level cache disabled
2026-04-01 12:36:25 [restartedMain] INFO  o.s.o.j.p.SpringPersistenceUnitInfo - No LoadTimeWeaver setup: ignoring JPA class transformer
2026-04-01 12:36:25 [restartedMain] WARN  org.hibernate.orm.deprecation - HHH90000025: PostgreSQLDialect does not need to be specified explicitly using 'hibernate.dialect' (remove the property setting and it will be selected by default)
2026-04-01 12:36:26 [restartedMain] INFO  o.h.e.t.j.p.i.JtaPlatformInitiator - HHH000489: No JTA platform available (set 'hibernate.transaction.jta.platform' to enable JTA platform integration)
2026-04-01 12:36:26 [restartedMain] INFO  o.s.o.j.LocalContainerEntityManagerFactoryBean - Initialized JPA EntityManagerFactory for persistence unit 'default'
2026-04-01 12:36:27 [restartedMain] INFO  o.s.d.j.r.query.QueryEnhancerFactory - Hibernate is in classpath; If applicable, HQL parser will be used.
2026-04-01 12:36:27 [restartedMain] DEBUG c.c.s.s.JwtAuthenticationFilter - Filter 'jwtAuthenticationFilter' configured for use
2026-04-01 12:36:27 [restartedMain] DEBUG c.c.s.security.KioskApiKeyFilter - Filter 'kioskApiKeyFilter' configured for use
2026-04-01 12:36:28 [restartedMain] WARN  c.c.s.mqtt.MqttPublisher - MQTT is disabled. LED commands will be logged only. Set mqtt.enabled=true in application.yml to enable ESP32 integration.
2026-04-01 12:36:29 [restartedMain] INFO  o.s.s.c.a.a.c.InitializeUserDetailsBeanManagerConfigurer$InitializeUserDetailsManagerConfigurer - Global AuthenticationManager configured with UserDetailsService bean with name customUserDetailsService
2026-04-01 12:36:29 [restartedMain] INFO  o.s.b.a.e.web.EndpointLinksResolver - Exposing 1 endpoint beneath base path '/actuator'
2026-04-01 12:36:30 [restartedMain] INFO  o.s.b.d.a.OptionalLiveReloadServer - LiveReload server is running on port 35729
2026-04-01 12:36:30 [restartedMain] INFO  o.s.i.endpoint.EventDrivenConsumer - Adding {logging-channel-adapter:_org.springframework.integration.errorLogger} as a subscriber to the 'errorChannel' channel
2026-04-01 12:36:30 [restartedMain] INFO  o.s.i.c.PublishSubscribeChannel - Channel 'cinema-seat-management.errorChannel' has 1 subscriber(s).
2026-04-01 12:36:30 [restartedMain] INFO  o.s.i.endpoint.EventDrivenConsumer - started bean '_org.springframework.integration.errorLogger'
2026-04-01 12:36:30 [restartedMain] INFO  o.s.i.endpoint.EventDrivenConsumer - Adding {service-activator:mqttSubscriber.handleMessage.serviceActivator} as a subscriber to the 'mqttInputChannel' channel
2026-04-01 12:36:30 [restartedMain] INFO  o.s.i.channel.DirectChannel - Channel 'cinema-seat-management.mqttInputChannel' has 1 subscriber(s).
2026-04-01 12:36:30 [restartedMain] INFO  o.s.i.endpoint.EventDrivenConsumer - started bean 'mqttSubscriber.handleMessage.serviceActivator'
2026-04-01 12:36:30 [restartedMain] INFO  o.s.b.w.e.tomcat.TomcatWebServer - Tomcat started on port 8080 (http) with context path '/'
2026-04-01 12:36:30 [restartedMain] INFO  o.s.m.s.b.SimpleBrokerMessageHandler - Starting...
2026-04-01 12:36:30 [restartedMain] INFO  o.s.m.s.b.SimpleBrokerMessageHandler - BrokerAvailabilityEvent[available=true, SimpleBrokerMessageHandler [org.springframework.messaging.simp.broker.DefaultSubscriptionRegistry@41d52467]]
2026-04-01 12:36:30 [restartedMain] INFO  o.s.m.s.b.SimpleBrokerMessageHandler - Started.
2026-04-01 12:36:30 [restartedMain] INFO  c.c.s.SeatmanagementApplication - Started SeatmanagementApplication in 12.097 seconds (process running for 13.803)
2026-04-01 12:37:12 [http-nio-8080-exec-2] INFO  o.a.c.c.C.[Tomcat].[localhost].[/] - Initializing Spring DispatcherServlet 'dispatcherServlet'
2026-04-01 12:37:12 [http-nio-8080-exec-2] INFO  o.s.web.servlet.DispatcherServlet - Initializing Servlet 'dispatcherServlet'
2026-04-01 12:37:12 [http-nio-8080-exec-2] INFO  o.s.web.servlet.DispatcherServlet - Completed initialization in 6 ms
2026-04-01 12:37:30 [MessageBroker-1] INFO  o.s.w.s.c.WebSocketMessageBrokerStats - WebSocketSession[0 current WS(0)-HttpStream(0)-HttpPoll(0), 0 total, 0 closed abnormally (0 connect failure, 0 send limit, 0 transport error)], stompSubProtocol[processed CONNECT(0)-CONNECTED(0)-DISCONNECT(0)], stompBrokerRelay[null], inboundChannel[unknown], outboundChannel[unknown], sockJsScheduler[pool size = 1, active threads = 1, queued tasks = 0, completed tasks = 0]
2026-04-01 13:07:30 [MessageBroker-1] INFO  o.s.w.s.c.WebSocketMessageBrokerStats - WebSocketSession[0 current WS(0)-HttpStream(0)-HttpPoll(0), 0 total, 0 closed abnormally (0 connect failure, 0 send limit, 0 transport error)], stompSubProtocol[processed CONNECT(0)-CONNECTED(0)-DISCONNECT(0)], stompBrokerRelay[null], inboundChannel[unknown], outboundChannel[unknown], sockJsScheduler[pool size = 2, active threads = 1, queued tasks = 0, completed tasks = 1]
2026-04-01 13:15:18 [SpringApplicationShutdownHook] INFO  o.s.m.s.b.SimpleBrokerMessageHandler - Stopping...
2026-04-01 13:15:18 [SpringApplicationShutdownHook] INFO  o.s.m.s.b.SimpleBrokerMessageHandler - BrokerAvailabilityEvent[available=false, SimpleBrokerMessageHandler [org.springframework.messaging.simp.broker.DefaultSubscriptionRegistry@41d52467]]
2026-04-01 13:15:18 [SpringApplicationShutdownHook] INFO  o.s.m.s.b.SimpleBrokerMessageHandler - Stopped.
2026-04-01 13:15:18 [SpringApplicationShutdownHook] INFO  o.s.i.endpoint.EventDrivenConsumer - Removing {logging-channel-adapter:_org.springframework.integration.errorLogger} as a subscriber to the 'errorChannel' channel
2026-04-01 13:15:18 [SpringApplicationShutdownHook] INFO  o.s.i.c.PublishSubscribeChannel - Channel 'cinema-seat-management.errorChannel' has 0 subscriber(s).
2026-04-01 13:15:18 [SpringApplicationShutdownHook] INFO  o.s.i.endpoint.EventDrivenConsumer - stopped bean '_org.springframework.integration.errorLogger'
2026-04-01 13:15:18 [SpringApplicationShutdownHook] INFO  o.s.i.endpoint.EventDrivenConsumer - Removing {service-activator:mqttSubscriber.handleMessage.serviceActivator} as a subscriber to the 'mqttInputChannel' channel
2026-04-01 13:15:18 [SpringApplicationShutdownHook] INFO  o.s.i.channel.DirectChannel - Channel 'cinema-seat-management.mqttInputChannel' has 0 subscriber(s).
2026-04-01 13:15:18 [SpringApplicationShutdownHook] INFO  o.s.i.endpoint.EventDrivenConsumer - stopped bean 'mqttSubscriber.handleMessage.serviceActivator'
2026-04-01 13:15:18 [SpringApplicationShutdownHook] INFO  o.s.o.j.LocalContainerEntityManagerFactoryBean - Closing JPA EntityManagerFactory for persistence unit 'default'
2026-04-01 13:15:18 [SpringApplicationShutdownHook] INFO  com.zaxxer.hikari.HikariDataSource - CinemaHikariPool - Shutdown initiated...
2026-04-01 13:15:18 [SpringApplicationShutdownHook] INFO  com.zaxxer.hikari.HikariDataSource - CinemaHikariPool - Shutdown completed.
